Arguments: 
  C:\Program Files\nodejs\node.exe C:\Users\jesti\.yarn\releases\yarn-1.22.10.cjs init

PATH: 
  C:\Program Files (x86)\Common Files\Oracle\Java\javapath;C:\WINDOWS\system32;C:\WINDOWS;C:\WINDOWS\System32\Wbem;C:\WINDOWS\System32\WindowsPowerShell\v1.0\;C:\WINDOWS\System32\OpenSSH\;C:\Users\jesti;C:\Program Files\MongoDB\Server\4.2\bin;C:\Program Files\gradle-6.1\bin;C:\Program Files\dotnet\;C:\Program Files\Java\jdk-14.0.2\bin;C:\Program Files\Git\cmd;C:\Program Files (x86)\Calibre2\;C:\Program Files (x86)\Yarn\bin\;C:\Program Files\nodejs\;C:\Program Files\MySQL\MySQL Shell 8.0\bin\;C:\Users\jesti\Anaconda3;C:\Users\jesti\Anaconda3\Library\mingw-w64\bin;C:\Users\jesti\Anaconda3\Library\usr\bin;C:\Users\jesti\Anaconda3\Library\bin;C:\Users\jesti\Anaconda3\Scripts;C:\Users\jesti\AppData\Local\Programs\Python\Python37\Scripts\;C:\Users\jesti\AppData\Local\Programs\Python\Python37\;C:\Users\jesti\AppData\Local\Microsoft\WindowsApps;C:\Program Files\Java\jdk-13\bin;;C:\Users\jesti\AppData\Local\Programs\Microsoft VS Code\bin;C:\Users\jesti\.dotnet\tools;C:\Program Files\JetBrains\PyCharm Community Edition 2020.2.1\bin;;C:\Users\jesti\AppData\Local\Yarn\bin;C:\Users\jesti\AppData\Roaming\npm

Yarn version: 
  1.22.10

Node version: 
  14.15.0

Platform: 
  win32 x64

Trace: 
  Error: canceled
      at Interface.<anonymous> (C:\Users\jesti\.yarn\releases\yarn-1.22.10.cjs:131420:13)
      at Interface.emit (events.js:315:20)
      at Interface._ttyWrite (readline.js:875:16)
      at ReadStream.onkeypress (readline.js:213:10)
      at ReadStream.emit (events.js:315:20)
      at emitKeys (internal/readline/utils.js:345:14)
      at emitKeys.next (<anonymous>)
      at ReadStream.onData (readline.js:1144:36)
      at ReadStream.emit (events.js:315:20)
      at addChunk (_stream_readable.js:309:12)

npm manifest: 
  No manifest

yarn manifest: 
  No manifest

Lockfile: 
  No lockfile
